Line 3: Property Icon in FBcKt could not be set.
Line 100: Property Picture in cmdtk could not be set.
Line 268: Property Picture in cmd could not be set.
Line 279: Property Picture in cmdkh could not be set.
Line 803: Property Picture in cmdCT had an invalid file reference.
Line 904: Property Picture in cmdkh had an invalid file reference.
Line 986: Property Picture in cmdtk had an invalid file reference.
Line 1016: Property Picture in cmdtk had an invalid file reference.
Line 1026: Property Picture in cmdtk had an invalid file reference.
Line 1120: Property Picture in cmdvt had an invalid file reference.
Line 1161: Property Picture in cmdkh had an invalid file reference.
Line 1199: Property Picture in cmdtk had an invalid file reference.
Line 1271: Property List in CboThang could not be set.
Line 1271: Property ItemData in CboThang could not be set.
Line 1422: Property Picture in cmdtk had an invalid file reference.
Line 1432: Property Picture in cmdtk had an invalid file reference.
Line 1442: Property Picture in cmdtk had an invalid file reference.
Line 1452: Property Picture in cmdtk had an invalid file reference.
Line 1462: Property Picture in cmdtk had an invalid file reference.
Line 1472: Property Picture in cmdtk had an invalid file reference.
Line 1482: Property Picture in cmdtk had an invalid file reference.
Line 2265: Property List in CboThang could not be set.
Line 2265: Property ItemData in CboThang could not be set.
Line 2276: Property List in CboThang could not be set.
Line 2276: Property ItemData in CboThang could not be set.
Line 2327: Property Picture in Command had an invalid file reference.
Line 2338: Property Picture in Command had an invalid file reference.
Line 2349: Property Picture in Command had an invalid file reference.
